"../../../Engine/Content/Functions/Engine_MaterialFunctions02/Texturing/WorldPositionWithScale.uasset" 0
"../../../Engine/Content/Functions/Engine_MaterialFunctions02/Texturing/WorldPosition.uasset" 1
"../../../Engine/Content/Functions/Engine_MaterialFunctions03/Particles/Distance_Blend.uasset" 2
"C:/Users/Owner/Downloads/BullCowGame-starter-kit/BullCowGame-starter-kit/Content/Environment/Textures/T_Wood_Sheet.uasset" 3
"C:/Users/Owner/Downloads/BullCowGame-starter-kit/BullCowGame-starter-kit/Content/Environment/Materials/M_Wood_Sheet_Master.uasset" 4
"C:/Users/Owner/Downloads/BullCowGame-starter-kit/BullCowGame-starter-kit/Content/Environment/Meshes/SM_Dock_Floor.uasset" 5
"C:/Users/Owner/Downloads/BullCowGame-starter-kit/BullCowGame-starter-kit/Content/Environment/Textures/T_Grass_A.uasset" 6
"C:/Users/Owner/Downloads/BullCowGame-starter-kit/BullCowGame-starter-kit/Content/Environment/Materials/M_Grass_Masked.uasset" 7
"C:/Users/Owner/Downloads/BullCowGame-starter-kit/BullCowGame-starter-kit/Content/Environment/Materials/M_Grass_Masked_D_Inst.uasset" 8
"C:/Users/Owner/Downloads/BullCowGame-starter-kit/BullCowGame-starter-kit/Content/Environment/Meshes/SM_Grass_02.uasset" 9
"C:/Users/Owner/Downloads/BullCowGame-starter-kit/BullCowGame-starter-kit/Content/Environment/Materials/M_Grass_Masked_B_Inst.uasset" 10
"C:/Users/Owner/Downloads/BullCowGame-starter-kit/BullCowGame-starter-kit/Content/Environment/Meshes/SM_Grass_03.uasset" 11
"C:/Users/Owner/Downloads/BullCowGame-starter-kit/BullCowGame-starter-kit/Content/Environment/Meshes/SM_Grass_03_B.uasset" 12
"C:/Users/Owner/Downloads/BullCowGame-starter-kit/BullCowGame-starter-kit/Content/Environment/Materials/M_Grass_Masked_C_Inst.uasset" 13
"C:/Users/Owner/Downloads/BullCowGame-starter-kit/BullCowGame-starter-kit/Content/Environment/Meshes/SM_Grass_04.uasset" 14
"../../../Engine/Content/Animation/DefaultAnimCurveCompressionSettings.uasset" 15
"../../../Engine/Content/Functions/Engine_MaterialFunctions01/Opacity/CameraDepthFade.uasset" 16
"../../../Engine/Content/EngineMaterials/T_Default_Material_Grid_M.uasset" 17
"../../../Engine/Content/EngineMaterials/T_Default_Material_Grid_N.uasset" 18
"../../../Engine/Content/EngineMaterials/WorldGridMaterial.uasset" 19
"../../../Engine/Content/ArtTools/RenderToTexture/Meshes/S_1_Unit_Plane.uasset" 20
"../../../Engine/Content/EngineMaterials/DefaultMaterial.uasset" 21
"../../../Engine/Content/BasicShapes/Cone.uasset" 22
"../../../Engine/Content/BasicShapes/Cylinder.uasset" 23
"../../../Engine/Content/BasicShapes/Plane.uasset" 24
"../../../Engine/Content/BasicShapes/Sphere.uasset" 25
"../../../Engine/Content/EditorLandscapeResources/DataLayer.uasset" 26
"../../../Engine/Content/EditorMaterials/GizmoMaterial.uasset" 27
"../../../Engine/Content/EditorMaterials/MAT_Groups_Toggle.uasset" 28
"../../../Engine/Content/EditorMaterials/MAT_Groups_Visibility.uasset" 29
"../../../Engine/Content/EditorMaterials/PreviewShadowIndicator.uasset" 30
"../../../Engine/Content/EditorMaterials/PreviewShadowIndicatorMaterial.uasset" 31
"../../../Engine/Content/EditorMaterials/MatineeGroups/MAT_ColorTrack.uasset" 32
"../../../Engine/Content/EditorMaterials/MatineeGroups/MAT_Groups_Anim.uasset" 33
"../../../Engine/Content/EditorMaterials/MatineeGroups/MAT_Groups_AudioMaster.uasset" 34
"../../../Engine/Content/EditorMaterials/MatineeGroups/MAT_Groups_Director.uasset" 35
"../../../Engine/Content/EditorMaterials/MatineeGroups/MAT_Groups_Event.uasset" 36
"../../../Engine/Content/EditorMaterials/MatineeGroups/MAT_Groups_Fade.uasset" 37
"../../../Engine/Content/EditorMaterials/MatineeGroups/MAT_Groups_Float.uasset" 38
"../../../Engine/Content/EditorMaterials/MatineeGroups/MAT_Groups_Move.uasset" 39
"../../../Engine/Content/EditorMaterials/MatineeGroups/MAT_Groups_Slomo.uasset" 40
"../../../Engine/Content/EditorMaterials/MatineeGroups/MAT_Groups_Sound.uasset" 41
"../../../Engine/Content/EditorMaterials/MatineeGroups/MAT_Groups_Vector.uasset" 42
"../../../Engine/Content/EditorMaterials/ParticleSystems/PSysThumbnail_NoImage.uasset" 43
"../../../Engine/Content/EditorMaterials/ParticleSystems/PSysThumbnail_OOD.uasset" 44
"../../../Engine/Content/EditorMaterials/Camera/CineMat.uasset" 45
"../../../Engine/Content/EditorMaterials/Camera/MI_CineMat_Rig.uasset" 46
"../../../Engine/Content/EditorMeshes/Camera/SM_CraneRig_Arm.uasset" 47
"../../../Engine/Content/EditorMeshes/Camera/SM_CraneRig_Base.uasset" 48
"../../../Engine/Content/EditorMeshes/Camera/SM_CraneRig_Body.uasset" 49
"../../../Engine/Content/EditorMeshes/Camera/SM_CraneRig_Mount.uasset" 50
"../../../Engine/Content/EditorMeshes/Camera/SM_RailRig_Mount.uasset" 51
"../../../Engine/Content/EditorMeshes/Camera/SM_RailRig_Track.uasset" 52
"../../../Engine/Content/EditorResources/BSPVertex.uasset" 53
"../../../Engine/Content/EditorResources/EmptyActor.uasset" 54
"../../../Engine/Content/EditorResources/S_Actor.uasset" 55
"../../../Engine/Content/EditorResources/S_Note.uasset" 56
"../../../Engine/Content/EditorResources/S_Trigger.uasset" 57
"../../../Engine/Content/EditorResources/SequenceRecorder/Countdown.uasset" 58
"../../../Engine/Content/EditorResources/SequenceRecorder/RecordingIndicator.uasset" 59
"../../../Engine/Content/EditorSounds/Notifications/CompileFailed.uasset" 60
"../../../Engine/Content/EditorSounds/Notifications/CompileFailed_Cue.uasset" 61
"../../../Engine/Content/EditorSounds/Notifications/CompileSuccess.uasset" 62
"../../../Engine/Content/EditorSounds/Notifications/CompileStart_Cue.uasset" 63
"../../../Engine/Content/EditorSounds/Notifications/CompileSuccess_Cue.uasset" 64
"../../../Engine/Content/EngineDamageTypes/DmgTypeBP_Environmental.uasset" 65
"../../../Engine/Content/EngineDebugMaterials/HeatmapGradient.uasset" 66
"../../../Engine/Content/EngineDebugMaterials/BoneWeightMaterial.uasset" 67
"../../../Engine/Content/EngineDebugMaterials/ClothMaterial.uasset" 68
"../../../Engine/Content/EngineDebugMaterials/ClothMaterial_WF.uasset" 69
"../../../Engine/Content/EngineDebugMaterials/DebugEditorMaterial.uasset" 70
"../../../Engine/Content/EngineDebugMaterials/DebugMeshMaterial.uasset" 71
"../../../Engine/Content/EngineDebugMaterials/GeomMaterial.uasset" 72
"../../../Engine/Content/EngineDebugMaterials/M_SimpleTranslucent.uasset" 73
"../../../Engine/Content/EngineFonts/Faces/RobotoBold.uasset" 74
"../../../Engine/Content/EngineFonts/Faces/RobotoBoldItalic.uasset" 75
"../../../Engine/Content/EngineFonts/Faces/RobotoItalic.uasset" 76
"../../../Engine/Content/EngineFonts/Faces/RobotoLight.uasset" 77
"../../../Engine/Content/EngineFonts/Faces/RobotoRegular.uasset" 78
"../../../Engine/Content/EngineFonts/Roboto.uasset" 79
"../../../Engine/Content/EngineFonts/Faces/RobotoTiny.uasset" 80
"../../../Engine/Content/EngineFonts/RobotoTiny.uasset" 81
"../../../Engine/Content/EngineMaterials/BaseFlattenDiffuseMap.uasset" 82
"../../../Engine/Content/EngineMaterials/BaseFlattenEmissiveMap.uasset" 83
"../../../Engine/Content/EngineMaterials/BaseFlattenGrayscaleMap.uasset" 84
"../../../Engine/Content/EngineMaterials/BaseFlattenNormalMap.uasset" 85
"../../../Engine/Content/EngineMaterials/BaseFlattenMaterial.uasset" 86
"../../../Engine/Content/EngineMaterials/DefaultBloomKernel.uasset" 87
"../../../Engine/Content/EngineMaterials/DefaultBokeh.uasset" 88
"../../../Engine/Content/EngineMaterials/DefaultDiffuse.uasset" 89
"../../../Engine/Content/EngineMaterials/DefaultDeferredDecalMaterial.uasset" 90
"../../../Engine/Content/EngineMaterials/DefaultLightFunctionMaterial.uasset" 91
"../../../Engine/Content/Functions/Engine_MaterialFunctions02/Utility/BreakOutFloat2Components.uasset" 92
"../../../Engine/Content/EngineMaterials/DefaultPostProcessMaterial.uasset" 93
"../../../Engine/Content/EngineFonts/RobotoDistanceField.uasset" 94
"../../../Engine/Content/EngineMaterials/DefaultTextMaterialOpaque.uasset" 95
"../../../Engine/Content/EngineMaterials/DefaultWhiteGrid.uasset" 96
"../../../Engine/Content/EngineMaterials/EditorBrushMaterial.uasset" 97
"../../../Engine/Content/EngineMaterials/MiniFont.uasset" 98
"../../../Engine/Content/EngineMaterials/InvalidLightmapSettings.uasset" 99
"../../../Engine/Content/EngineMaterials/M_InvalidLightmapSettings.uasset" 100
"../../../Engine/Content/Functions/Engine_MaterialFunctions02/WorldPositionOffset/CameraOffset.uasset" 101
"../../../Engine/Content/EngineMaterials/PhAT_JointLimitMaterial.uasset" 102
"../../../Engine/Content/EngineMaterials/PreintegratedSkinBRDF.uasset" 103
"../../../Engine/Content/EngineMaterials/RemoveSurfaceMaterial.uasset" 104
"../../../Engine/Content/EngineMaterials/WeightMapPlaceholderTexture.uasset" 105
"../../../Engine/Content/EngineResources/WhiteSquareTexture.uasset" 106
"../../../Engine/Content/EngineMaterials/Widget3DPassThrough.uasset" 107
"../../../Engine/Content/EngineMaterials/Widget3DPassThrough_Masked.uasset" 108
"../../../Engine/Content/EngineMaterials/Widget3DPassThrough_Opaque.uasset" 109
"../../../Engine/Content/EngineMaterials/Widget3DPassThrough_Masked_OneSided.uasset" 110
"../../../Engine/Content/EngineMaterials/Widget3DPassThrough_Opaque_OneSided.uasset" 111
"../../../Engine/Content/EngineMaterials/Widget3DPassThrough_Translucent.uasset" 112
"../../../Engine/Content/EngineMaterials/Widget3DPassThrough_Translucent_OneSided.uasset" 113
"../../../Engine/Content/EngineMeshes/Cylinder.uasset" 114
"../../../Engine/Content/EngineMeshes/Sphere.uasset" 115
"../../../Engine/Content/EngineResources/Black.uasset" 116
"../../../Engine/Content/EngineResources/DefaultTexture.uasset" 117
"../../../Engine/Content/EngineResources/DefaultTextureCube.uasset" 118
"../../../Engine/Content/EngineResources/DefaultVolumeTexture2D.uasset" 119
"../../../Engine/Content/EngineResources/DefaultVolumeTexture.uasset" 120
"../../../Engine/Content/EngineResources/GradientTexture0.uasset" 121
"../../../Engine/Content/EngineSounds/Master.uasset" 122
"../../../Engine/Content/Functions/Engine_MaterialFunctions01/Shading/ConvertFromDiffSpec.uasset" 123
"../../../Engine/Content/Functions/Engine_MaterialFunctions01/Shading/PowerToRoughness.uasset" 124
"../../../Engine/Content/Maps/Templates/Thumbnails/Default.uasset" 125
"../../../Engine/Content/Maps/Templates/Thumbnails/VR-Basic.uasset" 126
"../../../Engine/Content/MobileResources/T_MobileControls_texture.uasset" 127
"../../../Engine/Content/MobileResources/T_MobileMenu2.uasset" 128
"../../../Engine/Content/MobileResources/HUD/AnalogHat.uasset" 129
"../../../Engine/Content/MobileResources/HUD/VirtualJoystick_Background.uasset" 130
"../../../Engine/Content/MobileResources/HUD/VirtualJoystick_Thumb.uasset" 131
"../../../Engine/Content/MobileResources/HUD/DefaultVirtualJoysticks.uasset" 132
"../../../Engine/Content/MobileResources/HUD/LeftVirtualJoystickOnly.uasset" 133
"../../../Engine/Content/MobileResources/HUD/MobileHUDButton1_off.uasset" 134
"../../../Engine/Content/MobileResources/HUD/MobileHUDButton1_on.uasset" 135
"../../../Engine/Content/MobileResources/HUD/MobileHUDButton2_off.uasset" 136
"../../../Engine/Content/MobileResources/HUD/MobileHUDButton2_on.uasset" 137
"../../../Engine/Content/MobileResources/HUD/MobileHUDButton3.uasset" 138
"../../../Engine/Content/MobileResources/HUD/MobileHUDButtonFire.uasset" 139
"../../../Engine/Content/MobileResources/HUD/MobileHUDDirectionPad.uasset" 140
"../../../Engine/Content/MobileResources/HUD/MobileHUDDirectionPad2.uasset" 141
"../../../Engine/Content/MobileResources/HUD/MobileHUDDirectionPad3.uasset" 142
"../../../Engine/Content/MobileResources/HUD/MobileHUDDirectionStick.uasset" 143
"../../../Engine/Content/MobileResources/HUD/T_Castle_ThumbstickInner.uasset" 144
"../../../Engine/Content/MobileResources/HUD/T_Castle_ThumbstickOutter.uasset" 145
"../../../Engine/Content/Tutorial/ContentIntroCurve.uasset" 146
"../../../Engine/Content/Tutorial/Basics/LevelEditorAttract.uasset" 147
"../../../Engine/Content/Tutorial/Basics/TutorialAssets/icon_tab_Levels_40x.uasset" 148
"../../../Engine/Content/Tutorial/Basics/LevelEditorOverview.uasset" 149
"../../../Engine/Content/Tutorial/BlueprintTutorials/TutorialAssets/Blueprint_64x.uasset" 150
"../../../Engine/Content/Tutorial/InWorldBlueprintEditing/IWBE_Tutorial.uasset" 151
"../../../Engine/Content/Tutorial/InWorldBlueprintEditing/IWBE_Tutorial_Part2.uasset" 152
"../../../Engine/Content/Tutorial/InWorldBlueprintEditing/IWBE_Tutorial_Part3.uasset" 153
"../../../Engine/Content/Tutorial/Landscape/TutorialAssets/Landscape.uasset" 154
"../../../Engine/Content/Tutorial/Landscape/LandscapeWalkThrough.uasset" 155
"../../../Engine/Content/Tutorial/Landscape/Landscape_Manage_Mode.uasset" 156
"../../../Engine/Content/EditorBlueprintResources/StandardMacros.uasset" 157
"../../../Engine/Content/Tutorial/Landscape/Landscape_Painting_Mode.uasset" 158
"../../../Engine/Content/Tutorial/Landscape/Landscape_Sculpt_Mode.uasset" 159
"../../../Engine/Content/VREditor/LaserPointer/VR_LaserPower_01.uasset" 160
"../../../Engine/Content/VREditor/TransformGizmo/TransformGizmoMaterial.uasset" 161
"../../../Engine/Content/VREditor/TransformGizmo/TranslucentTransformGizmoMaterial.uasset" 162
"../../../Engine/Content/VREditor/TransformGizmo/BoundingBoxCorner.uasset" 163
"../../../Engine/Content/VREditor/TransformGizmo/BoundingBoxEdge.uasset" 164
"../../../Engine/Content/VREditor/TransformGizmo/PlaneTranslationHandle.uasset" 165
"../../../Engine/Content/VREditor/TransformGizmo/Main.uasset" 166
"../../../Engine/Content/VREditor/TransformGizmo/Xray.uasset" 167
"../../../Engine/Content/VREditor/TransformGizmo/SM_Sequencer_Key.uasset" 168
"../../../Engine/Content/VREditor/TransformGizmo/SM_Sequencer_Node.uasset" 169
"../../Plugins/2D/Paper2D/Content/PlaceholderTextures/DummySpriteTexture.uasset" 170
"../../Plugins/2D/Paper2D/Content/DummySprite.uasset" 171
"../../Plugins/2D/Paper2D/Content/DefaultPaperTerrainMaterial.uasset" 172
"../../Plugins/2D/Paper2D/Content/DummySpriteTexture.uasset" 173
"../../Plugins/2D/Paper2D/Content/DefaultSpriteMaterial.uasset" 174
"../../Plugins/2D/Paper2D/Content/MaskedUnlitSpriteMaterial.uasset" 175
"../../Plugins/2D/Paper2D/Content/OpaqueUnlitSpriteMaterial.uasset" 176
"../../Plugins/Runtime/Oculus/OculusVR/Content/OculusMR_RenderTarget.uasset" 177
"../../../Engine/Content/Functions/Engine_MaterialFunctions02/Utility/BreakOutFloat4Components.uasset" 178
"../../../Engine/Content/Functions/Engine_MaterialFunctions02/Utility/MakeFloat2.uasset" 179
"../../../Engine/Content/Functions/Engine_MaterialFunctions02/Utility/MakeFloat3.uasset" 180
"../../Plugins/Runtime/Oculus/OculusVR/Content/Materials/OculusMR_ChromaKey.uasset" 181
"../../Plugins/Runtime/Oculus/OculusVR/Content/Materials/OculusMR_ChromaKey_Lit.uasset" 182
"../../Plugins/Runtime/Oculus/OculusVR/Content/Materials/OculusMR_OpaqueColoredMaterial.uasset" 183
"../../Plugins/Runtime/Oculus/OculusVR/Content/Materials/OculusMR_WhiteMaterial.uasset" 184
"../../Plugins/Runtime/Oculus/OculusVR/Content/Materials/PokeAHoleMaterial.uasset" 185
"../../Plugins/Runtime/Oculus/OculusVR/Content/Textures/GearVRController_AO.uasset" 186
"../../Plugins/Runtime/Oculus/OculusVR/Content/Textures/GearVRController_Color.uasset" 187
"../../Plugins/Runtime/Oculus/OculusVR/Content/Textures/GearVRController_Normal.uasset" 188
"../../Plugins/Runtime/Oculus/OculusVR/Content/Materials/GearVRControllerMaterial.uasset" 189
"../../Plugins/Runtime/Oculus/OculusVR/Content/Meshes/GearVrController.uasset" 190
"../../Plugins/Runtime/Oculus/OculusVR/Content/Textures/touchController_albedo.uasset" 191
"../../Plugins/Runtime/Oculus/OculusVR/Content/Textures/touchController_controlmap.uasset" 192
"../../Plugins/Runtime/Oculus/OculusVR/Content/Materials/touchController_mat.uasset" 193
"../../Plugins/Runtime/Oculus/OculusVR/Content/Meshes/LeftTouchController.uasset" 194
"../../Plugins/Runtime/Oculus/OculusVR/Content/Meshes/RiftHMD.uasset" 195
"../../Plugins/Runtime/Oculus/OculusVR/Content/Meshes/RightTouchController.uasset" 196
"C:/Users/Owner/Downloads/BullCowGame-starter-kit/BullCowGame-starter-kit/Content/BluePrint/PlayerStart_Blueprint.uasset" 197
"../../../Engine/Content/EngineSky/C_Sky_Cloud_Color.uasset" 198
"../../../Engine/Content/EngineSky/C_Sky_Horizon_Color.uasset" 199
"../../../Engine/Content/EngineSky/C_Sky_Zenith_Color.uasset" 200
"../../../Engine/Content/EngineSky/T_Sky_Blue.uasset" 201
"../../../Engine/Content/EngineSky/T_Sky_Clouds_M.uasset" 202
"../../../Engine/Content/EngineSky/T_Sky_Stars.uasset" 203
"../../../Engine/Content/EngineSky/M_Sky_Panning_Clouds2.uasset" 204
"../../../Engine/Content/EngineSky/SM_SkySphere.uasset" 205
"../../../Engine/Content/EngineSky/BP_Sky_Sphere.uasset" 206
"C:/Users/Owner/Downloads/BullCowGame-starter-kit/BullCowGame-starter-kit/Content/ConsolasFont.uasset" 207
"C:/Users/Owner/Downloads/BullCowGame-starter-kit/BullCowGame-starter-kit/Content/Environment/Materials/MI_Wood_SignPost.uasset" 208
"../../../Engine/Content/BasicShapes/Cube.uasset" 209
"C:/Users/Owner/Downloads/BullCowGame-starter-kit/BullCowGame-starter-kit/Content/Terminal.uasset" 210
"C:/Users/Owner/Downloads/BullCowGame-starter-kit/BullCowGame-starter-kit/Content/Environment/Materials/Beach_LayerInfo.uasset" 211
"C:/Users/Owner/Downloads/BullCowGame-starter-kit/BullCowGame-starter-kit/Content/Environment/Materials/Grass_LayerInfo.uasset" 212
"C:/Users/Owner/Downloads/BullCowGame-starter-kit/BullCowGame-starter-kit/Content/Environment/Materials/Path_LayerInfo.uasset" 213
"C:/Users/Owner/Downloads/BullCowGame-starter-kit/BullCowGame-starter-kit/Content/Levels/Level1_BuiltData.uasset" 214
"../../../Engine/Content/Functions/Engine_MaterialFunctions01/AlphaBlend/WorldAlignedBlend.uasset" 215
"../../../Engine/Content/Functions/Engine_MaterialFunctions01/AlphaBlend/World_Aligned_Blend.uasset" 216
"../../../Engine/Content/Functions/Engine_MaterialFunctions02/Fresnel_Function.uasset" 217
"../../../Engine/Content/Functions/Engine_MaterialFunctions02/Fresnel.uasset" 218
"C:/Users/Owner/Downloads/BullCowGame-starter-kit/BullCowGame-starter-kit/Content/Environment/Textures/T_BrushStrokes_A.uasset" 219
"C:/Users/Owner/Downloads/BullCowGame-starter-kit/BullCowGame-starter-kit/Content/Environment/Textures/T_BrushStrokes_B.uasset" 220
"C:/Users/Owner/Downloads/BullCowGame-starter-kit/BullCowGame-starter-kit/Content/Environment/Textures/T_Bumpy_N.uasset" 221
"C:/Users/Owner/Downloads/BullCowGame-starter-kit/BullCowGame-starter-kit/Content/Environment/Textures/T_Rock_Cliff_D.uasset" 222
"C:/Users/Owner/Downloads/BullCowGame-starter-kit/BullCowGame-starter-kit/Content/Environment/Textures/T_ShapeNormal.uasset" 223
"C:/Users/Owner/Downloads/BullCowGame-starter-kit/BullCowGame-starter-kit/Content/Environment/Textures/T_Splotches_A.uasset" 224
"C:/Users/Owner/Downloads/BullCowGame-starter-kit/BullCowGame-starter-kit/Content/Environment/Materials/M_Terrain_Ground_A.uasset" 225
"C:/Users/Owner/Downloads/BullCowGame-starter-kit/BullCowGame-starter-kit/Content/Environment/Materials/M_Terrain_Ground_A_Inst.uasset" 226
"C:/Users/Owner/Downloads/BullCowGame-starter-kit/BullCowGame-starter-kit/Content/Environment/UnrealCow/Textures/T_Toy_Cow_M.uasset" 227
"C:/Users/Owner/Downloads/BullCowGame-starter-kit/BullCowGame-starter-kit/Content/Environment/UnrealCow/Textures/T_Toy_Cow_N.uasset" 228
"C:/Users/Owner/Downloads/BullCowGame-starter-kit/BullCowGame-starter-kit/Content/Environment/UnrealCow/Materials/M_Cow.uasset" 229
"C:/Users/Owner/Downloads/BullCowGame-starter-kit/BullCowGame-starter-kit/Content/Environment/UnrealCow/Materials/MI_Cow.uasset" 230
"../../../Engine/Content/EngineMaterials/DefaultPhysicalMaterial.uasset" 231
"../../../Engine/Content/MapTemplates/Sky/DaylightAmbientCubemap.uasset" 232
"C:/Users/Owner/Downloads/BullCowGame-starter-kit/BullCowGame-starter-kit/Content/Environment/Materials/M_Wood_Sheet_Pillar_Inst.uasset" 233
"C:/Users/Owner/Downloads/BullCowGame-starter-kit/BullCowGame-starter-kit/Content/Environment/Materials/M_Wood_Sheet_Rings_Inst.uasset" 234
"C:/Users/Owner/Downloads/BullCowGame-starter-kit/BullCowGame-starter-kit/Content/Environment/Meshes/SM_Dock_Pillar.uasset" 235
"C:/Users/Owner/Downloads/BullCowGame-starter-kit/BullCowGame-starter-kit/Content/Environment/Materials/M_Grass_Masked_E_Inst.uasset" 236
"C:/Users/Owner/Downloads/BullCowGame-starter-kit/BullCowGame-starter-kit/Content/Environment/Meshes/SM_Grass_05.uasset" 237
"C:/Users/Owner/Downloads/BullCowGame-starter-kit/BullCowGame-starter-kit/Content/Environment/Materials/M_Stone_Path.uasset" 238
"C:/Users/Owner/Downloads/BullCowGame-starter-kit/BullCowGame-starter-kit/Content/Environment/Materials/M_Stone_Path_Inst.uasset" 239
"C:/Users/Owner/Downloads/BullCowGame-starter-kit/BullCowGame-starter-kit/Content/Environment/Meshes/SM_Stone_Path_B.uasset" 240
"C:/Users/Owner/Downloads/BullCowGame-starter-kit/BullCowGame-starter-kit/Content/Environment/Materials/M_Tree_Background.uasset" 241
"C:/Users/Owner/Downloads/BullCowGame-starter-kit/BullCowGame-starter-kit/Content/Environment/Materials/M_Tree_Background_Inst.uasset" 242
"C:/Users/Owner/Downloads/BullCowGame-starter-kit/BullCowGame-starter-kit/Content/Environment/Materials/M_Tree_Bark_A.uasset" 243
"C:/Users/Owner/Downloads/BullCowGame-starter-kit/BullCowGame-starter-kit/Content/Environment/Materials/M_Tree_Bark_A_Inst.uasset" 244
"C:/Users/Owner/Downloads/BullCowGame-starter-kit/BullCowGame-starter-kit/Content/Environment/Meshes/SM_Tree_Cluster_A.uasset" 245
"C:/Users/Owner/Downloads/BullCowGame-starter-kit/BullCowGame-starter-kit/Content/Environment/Materials/M_Tree_Type_B_Bark.uasset" 246
"C:/Users/Owner/Downloads/BullCowGame-starter-kit/BullCowGame-starter-kit/Content/Environment/Materials/M_Tree_Type_B_Bark_Inst.uasset" 247
"C:/Users/Owner/Downloads/BullCowGame-starter-kit/BullCowGame-starter-kit/Content/Environment/Meshes/SM_Tree_Type_B.uasset" 248
"../../../Engine/Content/Functions/Engine_MaterialFunctions02/Texturing/ScreenAlignedPixelToPixelUVs.uasset" 249
"../../../Engine/Content/EngineMaterials/Good64x64TilingNoiseHighFreq.uasset" 250
"../../../Engine/Content/Functions/Engine_MaterialFunctions02/Utility/DitherTemporalAA.uasset" 251
"C:/Users/Owner/Downloads/BullCowGame-starter-kit/BullCowGame-starter-kit/Content/Environment/Materials/M_Tree_Leaf_Base.uasset" 252
"C:/Users/Owner/Downloads/BullCowGame-starter-kit/BullCowGame-starter-kit/Content/Environment/Materials/M_Tree_Leaf_Base_Inst.uasset" 253
"C:/Users/Owner/Downloads/BullCowGame-starter-kit/BullCowGame-starter-kit/Content/Environment/Materials/M_Tree_Leaf_Base_Solid.uasset" 254
"C:/Users/Owner/Downloads/BullCowGame-starter-kit/BullCowGame-starter-kit/Content/Environment/Materials/M_Tree_Leaf_Base_Solid_Inst.uasset" 255
"C:/Users/Owner/Downloads/BullCowGame-starter-kit/BullCowGame-starter-kit/Content/Environment/Meshes/SM_Tree_Type_B_Leaves.uasset" 256
"C:/Users/Owner/Downloads/BullCowGame-starter-kit/BullCowGame-starter-kit/Content/Environment/Materials/M_Wood_Sheet_Fence_Inst.uasset" 257
"C:/Users/Owner/Downloads/BullCowGame-starter-kit/BullCowGame-starter-kit/Content/Environment/Meshes/SM_Wood_Fence.uasset" 258
"C:/Users/Owner/Downloads/BullCowGame-starter-kit/BullCowGame-starter-kit/Content/Environment/UnrealCow/Meshes/SM_Toy_Cow.uasset" 259
"C:/Users/Owner/Downloads/BullCowGame-starter-kit/BullCowGame-starter-kit/Content/Levels/Level1.umap" 260
"../../../Engine/Content/Maps/Entry_BuiltData.uasset" 261
"../../../Engine/Content/Maps/Entry.umap" 262
